<?xml version="1.0" encoding="UTF-8"?>
<testsuite xmlns:xsi="http://www.w3.org/2001/XMLSchema-instance" xsi:noNamespaceSchemaLocation="https://maven.apache.org/surefire/maven-surefire-plugin/xsd/surefire-test-report.xsd" name="edu.whu.week8.service.impl.ProductServiceImplTest" time="0.065" tests="5" errors="5" skipped="0" failures="0">
  <properties>
[...]
</properties>
  <testcase name="updateProduct" classname="edu.whu.week8.service.impl.ProductServiceImplTest" time="0.01">
    <error message="&#10;### Error updating database.  Cause: java.sql.SQLException: Incorrect string value: &apos;\xE7\x9B\xB8\xE6\x9C\xBA&apos; for column &apos;name&apos; at row 1&#10;### The error may exist in edu/whu/week8/dao/ProductDao.java (best guess)&#10;### The error may involve edu.whu.week8.dao.ProductDao.insert-Inline&#10;### The error occurred while setting parameters&#10;### SQL: INSERT INTO product  ( id, name, price, quantity )  VALUES  ( ?, ?, ?, ? )&#10;### Cause: java.sql.SQLException: Incorrect string value: &apos;\xE7\x9B\xB8\xE6\x9C\xBA&apos; for column &apos;name&apos; at row 1" type="org.apache.ibatis.exceptions.PersistenceException">org.apache.ibatis.exceptions.PersistenceException: 

### Error updating database.  Cause: java.sql.SQLException: Incorrect string value: '\xE7\x9B\xB8\xE6\x9C\xBA' for column 'name' at row 1
### The error may exist in edu/whu/week8/dao/ProductDao.java (best guess)
### The error may involve edu.whu.week8.dao.ProductDao.insert-Inline
### The error occurred while setting parameters
### SQL: INSERT INTO product  ( id, name, price, quantity )  VALUES  ( ?, ?, ?, ? )
### Cause: java.sql.SQLException: Incorrect string value: '\xE7\x9B\xB8\xE6\x9C\xBA' for column 'name' at row 1
	at edu.whu.week8.service.impl.ProductServiceImplTest.updateProduct(ProductServiceImplTest.java:133)
Caused by: java.sql.SQLException: Incorrect string value: '\xE7\x9B\xB8\xE6\x9C\xBA' for column 'name' at row 1
	at edu.whu.week8.service.impl.ProductServiceImplTest.updateProduct(ProductServiceImplTest.java:133)
</error>
    <system-out><![CDATA[2022-11-17 03:56:37.331  INFO 53630 --- [           main] .b.t.c.SpringBootTestContextBootstrapper : Neither @ContextConfiguration nor @ContextHierarchy found for test class [edu.whu.week8.service.impl.ProductServiceImplTest], using SpringBootContextLoader
2022-11-17 03:56:37.332  INFO 53630 --- [           main] o.s.t.c.support.AbstractContextLoader    : Could not detect default resource locations for test class [edu.whu.week8.service.impl.ProductServiceImplTest]: no resource found for suffixes {-context.xml, Context.groovy}.
2022-11-17 03:56:37.333  INFO 53630 --- [           main] t.c.s.AnnotationConfigContextLoaderUtils : Could not detect default configuration classes for test class [edu.whu.week8.service.impl.ProductServiceImplTest]: ProductServiceImplTest does not declare any static, non-private, non-final, nested classes annotated with @Configuration.
2022-11-17 03:56:37.335  INFO 53630 --- [           main] .b.t.c.SpringBootTestContextBootstrapper : Found @SpringBootConfiguration edu.whu.Main for test class edu.whu.week8.service.impl.ProductServiceImplTest
2022-11-17 03:56:37.337  INFO 53630 --- [           main] .b.t.c.SpringBootTestContextBootstrapper : Loaded default TestExecutionListener class names from location [META-INF/spring.factories]: [org.springframework.boot.test.mock.mockito.MockitoTestExecutionListener, org.springframework.boot.test.mock.mockito.ResetMocksTestExecutionListener, org.springframework.boot.test.autoconfigure.restdocs.RestDocsTestExecutionListener, org.springframework.boot.test.autoconfigure.web.client.MockRestServiceServerResetTestExecutionListener, org.springframework.boot.test.autoconfigure.web.servlet.MockMvcPrintOnlyOnFailureTestExecutionListener, org.springframework.boot.test.autoconfigure.web.servlet.WebDriverTestExecutionListener, org.springframework.boot.test.autoconfigure.webservices.client.MockWebServiceServerTestExecutionListener, org.springframework.test.context.web.ServletTestExecutionListener, org.springframework.test.context.support.DirtiesContextBeforeModesTestExecutionListener, org.springframework.test.context.event.ApplicationEventsTestExecutionListener, org.springframework.test.context.support.DependencyInjectionTestExecutionListener, org.springframework.test.context.support.DirtiesContextTestExecutionListener, org.springframework.test.context.transaction.TransactionalTestExecutionListener, org.springframework.test.context.jdbc.SqlScriptsTestExecutionListener, org.springframework.test.context.event.EventPublishingTestExecutionListener]
2022-11-17 03:56:37.338  INFO 53630 --- [           main] .b.t.c.SpringBootTestContextBootstrapper : Using TestExecutionListeners: [org.springframework.test.context.web.ServletTestExecutionListener@1f5f4d48, org.springframework.test.context.support.DirtiesContextBeforeModesTestExecutionListener@2f025e9e, org.springframework.test.context.event.ApplicationEventsTestExecutionListener@2c8e096, org.springframework.boot.test.mock.mockito.MockitoTestExecutionListener@3dabdd11, org.springframework.boot.test.autoconfigure.SpringBootDependencyInjectionTestExecutionListener@587bf2e1, org.springframework.test.context.support.DirtiesContextTestExecutionListener@6530a1de, org.springframework.test.context.transaction.TransactionalTestExecutionListener@20b921be, org.springframework.test.context.jdbc.SqlScriptsTestExecutionListener@431923ed, org.springframework.test.context.event.EventPublishingTestExecutionListener@44723d95, org.springframework.boot.test.mock.mockito.ResetMocksTestExecutionListener@242c4a94, org.springframework.boot.test.autoconfigure.restdocs.RestDocsTestExecutionListener@4df13b7e, org.springframework.boot.test.autoconfigure.web.client.MockRestServiceServerResetTestExecutionListener@477d6f66, org.springframework.boot.test.autoconfigure.web.servlet.MockMvcPrintOnlyOnFailureTestExecutionListener@12b66c89, org.springframework.boot.test.autoconfigure.web.servlet.WebDriverTestExecutionListener@5408fca1, org.springframework.boot.test.autoconfigure.webservices.client.MockWebServiceServerTestExecutionListener@10660795]
2022-11-17 03:56:37.351  INFO 53630 --- [           main] o.s.t.c.transaction.TransactionContext   : Began transaction (1) for test context [DefaultTestContext@2e3b4394 testClass = ProductServiceImplTest, testInstance = edu.whu.week8.service.impl.ProductServiceImplTest@70ccb3bf, testMethod = updateProduct@ProductServiceImplTest, testException = [null], mergedContextConfiguration = [WebMergedContextConfiguration@10ffe32f testClass = ProductServiceImplTest, locations = '{}', classes = '{class edu.whu.Main}', contextInitializerClasses = '[]', activeProfiles = '{}', propertySourceLocations = '{}', propertySourceProperties = '{org.springframework.boot.test.context.SpringBootTestContextBootstrapper=true}', contextCustomizers = set[org.springframework.boot.test.context.filter.ExcludeFilterContextCustomizer@3541cb24, org.springframework.boot.test.json.DuplicateJsonObjectContextCustomizerFactory$DuplicateJsonObjectContextCustomizer@13b13b5d, org.springframework.boot.test.mock.mockito.MockitoContextCustomizer@0, org.springframework.boot.test.web.client.TestRestTemplateContextCustomizer@3246fb96, org.springframework.boot.test.autoconfigure.actuate.metrics.MetricsExportContextCustomizerFactory$DisableMetricExportContextCustomizer@65f095f8, org.springframework.boot.test.autoconfigure.properties.PropertyMappingContextCustomizer@0, org.springframework.boot.test.autoconfigure.web.servlet.WebDriverContextCustomizerFactory$Customizer@120f102b, org.springframework.boot.test.context.SpringBootTestArgs@1, org.springframework.boot.test.context.SpringBootTestWebEnvironment@5bc79255], resourceBasePath = 'src/main/webapp', contextLoader = 'org.springframework.boot.test.context.SpringBootContextLoader', parent = [null]], attributes = map['org.springframework.test.context.web.ServletTestExecutionListener.activateListener' -> true, 'org.springframework.test.context.web.ServletTestExecutionListener.populatedRequestContextHolder' -> true, 'org.springframework.test.context.web.ServletTestExecutionListener.resetRequestContextHolder' -> true, 'org.springframework.test.context.event.ApplicationEventsTestExecutionListener.recordApplicationEvents' -> false]]; transaction manager [org.springframework.jdbc.support.JdbcTransactionManager@55c20a91]; rollback [true]
Creating a new SqlSession
Registering transaction synchronization for SqlSession [org.apache.ibatis.session.defaults.DefaultSqlSession@13868c41]
JDBC Connection [HikariProxyConnection@1913740360 wrapping com.mysql.cj.jdbc.ConnectionImpl@2adce412] will be managed by Spring
==>  Preparing: INSERT INTO product ( id, name, price, quantity ) VALUES ( ?, ?, ?, ? )
==> Parameters: 60f2efcc-7a00-418c-b143-03ba532f2da0(String), 相机(String), 8.99(BigDecimal), 100(Long)
Releasing transactional SqlSession [org.apache.ibatis.session.defaults.DefaultSqlSession@13868c41]
Transaction synchronization deregistering SqlSession [org.apache.ibatis.session.defaults.DefaultSqlSession@13868c41]
Transaction synchronization closing SqlSession [org.apache.ibatis.session.defaults.DefaultSqlSession@13868c41]
2022-11-17 03:56:37.366  INFO 53630 --- [           main] o.s.t.c.transaction.TransactionContext   : Rolled back transaction for test: [DefaultTestContext@2e3b4394 testClass = ProductServiceImplTest, testInstance = edu.whu.week8.service.impl.ProductServiceImplTest@70ccb3bf, testMethod = updateProduct@ProductServiceImplTest, testException = org.apache.ibatis.exceptions.PersistenceException: 
### Error updating database.  Cause: java.sql.SQLException: Incorrect string value: '\xE7\x9B\xB8\xE6\x9C\xBA' for column 'name' at row 1
### The error may exist in edu/whu/week8/dao/ProductDao.java (best guess)
### The error may involve edu.whu.week8.dao.ProductDao.insert-Inline
### The error occurred while setting parameters
### SQL: INSERT INTO product  ( id, name, price, quantity )  VALUES  ( ?, ?, ?, ? )
### Cause: java.sql.SQLException: Incorrect string value: '\xE7\x9B\xB8\xE6\x9C\xBA' for column 'name' at row 1, mergedContextConfiguration = [WebMergedContextConfiguration@10ffe32f testClass = ProductServiceImplTest, locations = '{}', classes = '{class edu.whu.Main}', contextInitializerClasses = '[]', activeProfiles = '{}', propertySourceLocations = '{}', propertySourceProperties = '{org.springframework.boot.test.context.SpringBootTestContextBootstrapper=true}', contextCustomizers = set[org.springframework.boot.test.context.filter.ExcludeFilterContextCustomizer@3541cb24, org.springframework.boot.test.json.DuplicateJsonObjectContextCustomizerFactory$DuplicateJsonObjectContextCustomizer@13b13b5d, org.springframework.boot.test.mock.mockito.MockitoContextCustomizer@0, org.springframework.boot.test.web.client.TestRestTemplateContextCustomizer@3246fb96, org.springframework.boot.test.autoconfigure.actuate.metrics.MetricsExportContextCustomizerFactory$DisableMetricExportContextCustomizer@65f095f8, org.springframework.boot.test.autoconfigure.properties.PropertyMappingContextCustomizer@0, org.springframework.boot.test.autoconfigure.web.servlet.WebDriverContextCustomizerFactory$Customizer@120f102b, org.springframework.boot.test.context.SpringBootTestArgs@1, org.springframework.boot.test.context.SpringBootTestWebEnvironment@5bc79255], resourceBasePath = 'src/main/webapp', contextLoader = 'org.springframework.boot.test.context.SpringBootContextLoader', parent = [null]], attributes = map['org.springframework.test.context.web.ServletTestExecutionListener.activateListener' -> true, 'org.springframework.test.context.web.ServletTestExecutionListener.populatedRequestContextHolder' -> true, 'org.springframework.test.context.web.ServletTestExecutionListener.resetRequestContextHolder' -> true, 'org.springframework.test.context.event.ApplicationEventsTestExecutionListener.recordApplicationEvents' -> false]]
]]></system-out>
  </testcase>
  <testcase name="deleteProduct" classname="edu.whu.week8.service.impl.ProductServiceImplTest" time="0.014">
    <error message="&#10;### Error updating database.  Cause: java.sql.SQLException: Incorrect string value: &apos;\xE7\x9B\xB8\xE6\x9C\xBA&apos; for column &apos;name&apos; at row 1&#10;### The error may exist in edu/whu/week8/dao/ProductDao.java (best guess)&#10;### The error may involve edu.whu.week8.dao.ProductDao.insert-Inline&#10;### The error occurred while setting parameters&#10;### SQL: INSERT INTO product  ( id, name, price, quantity )  VALUES  ( ?, ?, ?, ? )&#10;### Cause: java.sql.SQLException: Incorrect string value: &apos;\xE7\x9B\xB8\xE6\x9C\xBA&apos; for column &apos;name&apos; at row 1" type="org.apache.ibatis.exceptions.PersistenceException">org.apache.ibatis.exceptions.PersistenceException: 

### Error updating database.  Cause: java.sql.SQLException: Incorrect string value: '\xE7\x9B\xB8\xE6\x9C\xBA' for column 'name' at row 1
### The error may exist in edu/whu/week8/dao/ProductDao.java (best guess)
### The error may involve edu.whu.week8.dao.ProductDao.insert-Inline
### The error occurred while setting parameters
### SQL: INSERT INTO product  ( id, name, price, quantity )  VALUES  ( ?, ?, ?, ? )
### Cause: java.sql.SQLException: Incorrect string value: '\xE7\x9B\xB8\xE6\x9C\xBA' for column 'name' at row 1
	at edu.whu.week8.service.impl.ProductServiceImplTest.deleteProduct(ProductServiceImplTest.java:99)
Caused by: java.sql.SQLException: Incorrect string value: '\xE7\x9B\xB8\xE6\x9C\xBA' for column 'name' at row 1
	at edu.whu.week8.service.impl.ProductServiceImplTest.deleteProduct(ProductServiceImplTest.java:99)
</error>
    <system-out><![CDATA[2022-11-17 03:56:37.372  INFO 53630 --- [           main] o.s.t.c.transaction.TransactionContext   : Began transaction (1) for test context [DefaultTestContext@2e3b4394 testClass = ProductServiceImplTest, testInstance = edu.whu.week8.service.impl.ProductServiceImplTest@3adb4cc8, testMethod = deleteProduct@ProductServiceImplTest, testException = [null], mergedContextConfiguration = [WebMergedContextConfiguration@10ffe32f testClass = ProductServiceImplTest, locations = '{}', classes = '{class edu.whu.Main}', contextInitializerClasses = '[]', activeProfiles = '{}', propertySourceLocations = '{}', propertySourceProperties = '{org.springframework.boot.test.context.SpringBootTestContextBootstrapper=true}', contextCustomizers = set[org.springframework.boot.test.context.filter.ExcludeFilterContextCustomizer@3541cb24, org.springframework.boot.test.json.DuplicateJsonObjectContextCustomizerFactory$DuplicateJsonObjectContextCustomizer@13b13b5d, org.springframework.boot.test.mock.mockito.MockitoContextCustomizer@0, org.springframework.boot.test.web.client.TestRestTemplateContextCustomizer@3246fb96, org.springframework.boot.test.autoconfigure.actuate.metrics.MetricsExportContextCustomizerFactory$DisableMetricExportContextCustomizer@65f095f8, org.springframework.boot.test.autoconfigure.properties.PropertyMappingContextCustomizer@0, org.springframework.boot.test.autoconfigure.web.servlet.WebDriverContextCustomizerFactory$Customizer@120f102b, org.springframework.boot.test.context.SpringBootTestArgs@1, org.springframework.boot.test.context.SpringBootTestWebEnvironment@5bc79255], resourceBasePath = 'src/main/webapp', contextLoader = 'org.springframework.boot.test.context.SpringBootContextLoader', parent = [null]], attributes = map['org.springframework.test.context.web.ServletTestExecutionListener.activateListener' -> true, 'org.springframework.test.context.web.ServletTestExecutionListener.populatedRequestContextHolder' -> true, 'org.springframework.test.context.web.ServletTestExecutionListener.resetRequestContextHolder' -> true, 'org.springframework.test.context.event.ApplicationEventsTestExecutionListener.recordApplicationEvents' -> false]]; transaction manager [org.springframework.jdbc.support.JdbcTransactionManager@55c20a91]; rollback [true]
Creating a new SqlSession
Registering transaction synchronization for SqlSession [org.apache.ibatis.session.defaults.DefaultSqlSession@779136bf]
JDBC Connection [HikariProxyConnection@1403255947 wrapping com.mysql.cj.jdbc.ConnectionImpl@2adce412] will be managed by Spring
==>  Preparing: INSERT INTO product ( id, name, price, quantity ) VALUES ( ?, ?, ?, ? )
==> Parameters: 3d49072d-4f96-466e-804d-5f2e2dd954b5(String), 相机(String), 8.99(BigDecimal), 100(Long)
Releasing transactional SqlSession [org.apache.ibatis.session.defaults.DefaultSqlSession@779136bf]
Transaction synchronization deregistering SqlSession [org.apache.ibatis.session.defaults.DefaultSqlSession@779136bf]
Transaction synchronization closing SqlSession [org.apache.ibatis.session.defaults.DefaultSqlSession@779136bf]
2022-11-17 03:56:37.386  INFO 53630 --- [           main] o.s.t.c.transaction.TransactionContext   : Rolled back transaction for test: [DefaultTestContext@2e3b4394 testClass = ProductServiceImplTest, testInstance = edu.whu.week8.service.impl.ProductServiceImplTest@3adb4cc8, testMethod = deleteProduct@ProductServiceImplTest, testException = org.apache.ibatis.exceptions.PersistenceException: 
### Error updating database.  Cause: java.sql.SQLException: Incorrect string value: '\xE7\x9B\xB8\xE6\x9C\xBA' for column 'name' at row 1
### The error may exist in edu/whu/week8/dao/ProductDao.java (best guess)
### The error may involve edu.whu.week8.dao.ProductDao.insert-Inline
### The error occurred while setting parameters
### SQL: INSERT INTO product  ( id, name, price, quantity )  VALUES  ( ?, ?, ?, ? )
### Cause: java.sql.SQLException: Incorrect string value: '\xE7\x9B\xB8\xE6\x9C\xBA' for column 'name' at row 1, mergedContextConfiguration = [WebMergedContextConfiguration@10ffe32f testClass = ProductServiceImplTest, locations = '{}', classes = '{class edu.whu.Main}', contextInitializerClasses = '[]', activeProfiles = '{}', propertySourceLocations = '{}', propertySourceProperties = '{org.springframework.boot.test.context.SpringBootTestContextBootstrapper=true}', contextCustomizers = set[org.springframework.boot.test.context.filter.ExcludeFilterContextCustomizer@3541cb24, org.springframework.boot.test.json.DuplicateJsonObjectContextCustomizerFactory$DuplicateJsonObjectContextCustomizer@13b13b5d, org.springframework.boot.test.mock.mockito.MockitoContextCustomizer@0, org.springframework.boot.test.web.client.TestRestTemplateContextCustomizer@3246fb96, org.springframework.boot.test.autoconfigure.actuate.metrics.MetricsExportContextCustomizerFactory$DisableMetricExportContextCustomizer@65f095f8, org.springframework.boot.test.autoconfigure.properties.PropertyMappingContextCustomizer@0, org.springframework.boot.test.autoconfigure.web.servlet.WebDriverContextCustomizerFactory$Customizer@120f102b, org.springframework.boot.test.context.SpringBootTestArgs@1, org.springframework.boot.test.context.SpringBootTestWebEnvironment@5bc79255], resourceBasePath = 'src/main/webapp', contextLoader = 'org.springframework.boot.test.context.SpringBootContextLoader', parent = [null]], attributes = map['org.springframework.test.context.web.ServletTestExecutionListener.activateListener' -> true, 'org.springframework.test.context.web.ServletTestExecutionListener.populatedRequestContextHolder' -> true, 'org.springframework.test.context.web.ServletTestExecutionListener.resetRequestContextHolder' -> true, 'org.springframework.test.context.event.ApplicationEventsTestExecutionListener.recordApplicationEvents' -> false]]
]]></system-out>
  </testcase>
  <testcase name="selectProduct" classname="edu.whu.week8.service.impl.ProductServiceImplTest" time="0.011">
    <error message="&#10;### Error updating database.  Cause: java.sql.SQLException: Incorrect string value: &apos;\xE4\xB8\x89\xE6\x98\x9F&apos; for column &apos;name&apos; at row 1&#10;### The error may exist in edu/whu/week8/dao/SupplierDao.java (best guess)&#10;### The error may involve edu.whu.week8.dao.SupplierDao.insert-Inline&#10;### The error occurred while setting parameters&#10;### SQL: INSERT INTO supplier  ( id, email, name, phone )  VALUES  ( ?, ?, ?, ? )&#10;### Cause: java.sql.SQLException: Incorrect string value: &apos;\xE4\xB8\x89\xE6\x98\x9F&apos; for column &apos;name&apos; at row 1" type="org.apache.ibatis.exceptions.PersistenceException">org.apache.ibatis.exceptions.PersistenceException: 

### Error updating database.  Cause: java.sql.SQLException: Incorrect string value: '\xE4\xB8\x89\xE6\x98\x9F' for column 'name' at row 1
### The error may exist in edu/whu/week8/dao/SupplierDao.java (best guess)
### The error may involve edu.whu.week8.dao.SupplierDao.insert-Inline
### The error occurred while setting parameters
### SQL: INSERT INTO supplier  ( id, email, name, phone )  VALUES  ( ?, ?, ?, ? )
### Cause: java.sql.SQLException: Incorrect string value: '\xE4\xB8\x89\xE6\x98\x9F' for column 'name' at row 1
	at edu.whu.week8.service.impl.ProductServiceImplTest.selectProduct(ProductServiceImplTest.java:151)
Caused by: java.sql.SQLException: Incorrect string value: '\xE4\xB8\x89\xE6\x98\x9F' for column 'name' at row 1
	at edu.whu.week8.service.impl.ProductServiceImplTest.selectProduct(ProductServiceImplTest.java:151)
</error>
    <system-out><![CDATA[2022-11-17 03:56:37.391  INFO 53630 --- [           main] o.s.t.c.transaction.TransactionContext   : Began transaction (1) for test context [DefaultTestContext@2e3b4394 testClass = ProductServiceImplTest, testInstance = edu.whu.week8.service.impl.ProductServiceImplTest@337e573b, testMethod = selectProduct@ProductServiceImplTest, testException = [null], mergedContextConfiguration = [WebMergedContextConfiguration@10ffe32f testClass = ProductServiceImplTest, locations = '{}', classes = '{class edu.whu.Main}', contextInitializerClasses = '[]', activeProfiles = '{}', propertySourceLocations = '{}', propertySourceProperties = '{org.springframework.boot.test.context.SpringBootTestContextBootstrapper=true}', contextCustomizers = set[org.springframework.boot.test.context.filter.ExcludeFilterContextCustomizer@3541cb24, org.springframework.boot.test.json.DuplicateJsonObjectContextCustomizerFactory$DuplicateJsonObjectContextCustomizer@13b13b5d, org.springframework.boot.test.mock.mockito.MockitoContextCustomizer@0, org.springframework.boot.test.web.client.TestRestTemplateContextCustomizer@3246fb96, org.springframework.boot.test.autoconfigure.actuate.metrics.MetricsExportContextCustomizerFactory$DisableMetricExportContextCustomizer@65f095f8, org.springframework.boot.test.autoconfigure.properties.PropertyMappingContextCustomizer@0, org.springframework.boot.test.autoconfigure.web.servlet.WebDriverContextCustomizerFactory$Customizer@120f102b, org.springframework.boot.test.context.SpringBootTestArgs@1, org.springframework.boot.test.context.SpringBootTestWebEnvironment@5bc79255], resourceBasePath = 'src/main/webapp', contextLoader = 'org.springframework.boot.test.context.SpringBootContextLoader', parent = [null]], attributes = map['org.springframework.test.context.web.ServletTestExecutionListener.activateListener' -> true, 'org.springframework.test.context.web.ServletTestExecutionListener.populatedRequestContextHolder' -> true, 'org.springframework.test.context.web.ServletTestExecutionListener.resetRequestContextHolder' -> true, 'org.springframework.test.context.event.ApplicationEventsTestExecutionListener.recordApplicationEvents' -> false]]; transaction manager [org.springframework.jdbc.support.JdbcTransactionManager@55c20a91]; rollback [true]
Creating a new SqlSession
Registering transaction synchronization for SqlSession [org.apache.ibatis.session.defaults.DefaultSqlSession@4d24ab25]
JDBC Connection [HikariProxyConnection@1490353715 wrapping com.mysql.cj.jdbc.ConnectionImpl@2adce412] will be managed by Spring
==>  Preparing: INSERT INTO supplier ( id, email, name, phone ) VALUES ( ?, ?, ?, ? )
==> Parameters: 35acb3ec-4256-45a5-bd2b-0cb45b919cb5(String), samsung@samsung.com(String), 三星(String), 010-8887777(String)
Releasing transactional SqlSession [org.apache.ibatis.session.defaults.DefaultSqlSession@4d24ab25]
Transaction synchronization deregistering SqlSession [org.apache.ibatis.session.defaults.DefaultSqlSession@4d24ab25]
Transaction synchronization closing SqlSession [org.apache.ibatis.session.defaults.DefaultSqlSession@4d24ab25]
2022-11-17 03:56:37.407  INFO 53630 --- [           main] o.s.t.c.transaction.TransactionContext   : Rolled back transaction for test: [DefaultTestContext@2e3b4394 testClass = ProductServiceImplTest, testInstance = edu.whu.week8.service.impl.ProductServiceImplTest@337e573b, testMethod = selectProduct@ProductServiceImplTest, testException = org.apache.ibatis.exceptions.PersistenceException: 
### Error updating database.  Cause: java.sql.SQLException: Incorrect string value: '\xE4\xB8\x89\xE6\x98\x9F' for column 'name' at row 1
### The error may exist in edu/whu/week8/dao/SupplierDao.java (best guess)
### The error may involve edu.whu.week8.dao.SupplierDao.insert-Inline
### The error occurred while setting parameters
### SQL: INSERT INTO supplier  ( id, email, name, phone )  VALUES  ( ?, ?, ?, ? )
### Cause: java.sql.SQLException: Incorrect string value: '\xE4\xB8\x89\xE6\x98\x9F' for column 'name' at row 1, mergedContextConfiguration = [WebMergedContextConfiguration@10ffe32f testClass = ProductServiceImplTest, locations = '{}', classes = '{class edu.whu.Main}', contextInitializerClasses = '[]', activeProfiles = '{}', propertySourceLocations = '{}', propertySourceProperties = '{org.springframework.boot.test.context.SpringBootTestContextBootstrapper=true}', contextCustomizers = set[org.springframework.boot.test.context.filter.ExcludeFilterContextCustomizer@3541cb24, org.springframework.boot.test.json.DuplicateJsonObjectContextCustomizerFactory$DuplicateJsonObjectContextCustomizer@13b13b5d, org.springframework.boot.test.mock.mockito.MockitoContextCustomizer@0, org.springframework.boot.test.web.client.TestRestTemplateContextCustomizer@3246fb96, org.springframework.boot.test.autoconfigure.actuate.metrics.MetricsExportContextCustomizerFactory$DisableMetricExportContextCustomizer@65f095f8, org.springframework.boot.test.autoconfigure.properties.PropertyMappingContextCustomizer@0, org.springframework.boot.test.autoconfigure.web.servlet.WebDriverContextCustomizerFactory$Customizer@120f102b, org.springframework.boot.test.context.SpringBootTestArgs@1, org.springframework.boot.test.context.SpringBootTestWebEnvironment@5bc79255], resourceBasePath = 'src/main/webapp', contextLoader = 'org.springframework.boot.test.context.SpringBootContextLoader', parent = [null]], attributes = map['org.springframework.test.context.web.ServletTestExecutionListener.activateListener' -> true, 'org.springframework.test.context.web.ServletTestExecutionListener.populatedRequestContextHolder' -> true, 'org.springframework.test.context.web.ServletTestExecutionListener.resetRequestContextHolder' -> true, 'org.springframework.test.context.event.ApplicationEventsTestExecutionListener.recordApplicationEvents' -> false]]
]]></system-out>
  </testcase>
  <testcase name="getProduct" classname="edu.whu.week8.service.impl.ProductServiceImplTest" time="0.011">
    <error message="&#10;### Error updating database.  Cause: java.sql.SQLException: Incorrect string value: &apos;\xE7\x9B\xB8\xE6\x9C\xBA&apos; for column &apos;name&apos; at row 1&#10;### The error may exist in edu/whu/week8/dao/ProductDao.java (best guess)&#10;### The error may involve edu.whu.week8.dao.ProductDao.insert-Inline&#10;### The error occurred while setting parameters&#10;### SQL: INSERT INTO product  ( id, name, price, quantity )  VALUES  ( ?, ?, ?, ? )&#10;### Cause: java.sql.SQLException: Incorrect string value: &apos;\xE7\x9B\xB8\xE6\x9C\xBA&apos; for column &apos;name&apos; at row 1" type="org.apache.ibatis.exceptions.PersistenceException">org.apache.ibatis.exceptions.PersistenceException: 

### Error updating database.  Cause: java.sql.SQLException: Incorrect string value: '\xE7\x9B\xB8\xE6\x9C\xBA' for column 'name' at row 1
### The error may exist in edu/whu/week8/dao/ProductDao.java (best guess)
### The error may involve edu.whu.week8.dao.ProductDao.insert-Inline
### The error occurred while setting parameters
### SQL: INSERT INTO product  ( id, name, price, quantity )  VALUES  ( ?, ?, ?, ? )
### Cause: java.sql.SQLException: Incorrect string value: '\xE7\x9B\xB8\xE6\x9C\xBA' for column 'name' at row 1
	at edu.whu.week8.service.impl.ProductServiceImplTest.getProduct(ProductServiceImplTest.java:116)
Caused by: java.sql.SQLException: Incorrect string value: '\xE7\x9B\xB8\xE6\x9C\xBA' for column 'name' at row 1
	at edu.whu.week8.service.impl.ProductServiceImplTest.getProduct(ProductServiceImplTest.java:116)
</error>
    <system-out><![CDATA[2022-11-17 03:56:37.412  INFO 53630 --- [           main] o.s.t.c.transaction.TransactionContext   : Began transaction (1) for test context [DefaultTestContext@2e3b4394 testClass = ProductServiceImplTest, testInstance = edu.whu.week8.service.impl.ProductServiceImplTest@1952ad9d, testMethod = getProduct@ProductServiceImplTest, testException = [null], mergedContextConfiguration = [WebMergedContextConfiguration@10ffe32f testClass = ProductServiceImplTest, locations = '{}', classes = '{class edu.whu.Main}', contextInitializerClasses = '[]', activeProfiles = '{}', propertySourceLocations = '{}', propertySourceProperties = '{org.springframework.boot.test.context.SpringBootTestContextBootstrapper=true}', contextCustomizers = set[org.springframework.boot.test.context.filter.ExcludeFilterContextCustomizer@3541cb24, org.springframework.boot.test.json.DuplicateJsonObjectContextCustomizerFactory$DuplicateJsonObjectContextCustomizer@13b13b5d, org.springframework.boot.test.mock.mockito.MockitoContextCustomizer@0, org.springframework.boot.test.web.client.TestRestTemplateContextCustomizer@3246fb96, org.springframework.boot.test.autoconfigure.actuate.metrics.MetricsExportContextCustomizerFactory$DisableMetricExportContextCustomizer@65f095f8, org.springframework.boot.test.autoconfigure.properties.PropertyMappingContextCustomizer@0, org.springframework.boot.test.autoconfigure.web.servlet.WebDriverContextCustomizerFactory$Customizer@120f102b, org.springframework.boot.test.context.SpringBootTestArgs@1, org.springframework.boot.test.context.SpringBootTestWebEnvironment@5bc79255], resourceBasePath = 'src/main/webapp', contextLoader = 'org.springframework.boot.test.context.SpringBootContextLoader', parent = [null]], attributes = map['org.springframework.test.context.web.ServletTestExecutionListener.activateListener' -> true, 'org.springframework.test.context.web.ServletTestExecutionListener.populatedRequestContextHolder' -> true, 'org.springframework.test.context.web.ServletTestExecutionListener.resetRequestContextHolder' -> true, 'org.springframework.test.context.event.ApplicationEventsTestExecutionListener.recordApplicationEvents' -> false]]; transaction manager [org.springframework.jdbc.support.JdbcTransactionManager@55c20a91]; rollback [true]
Creating a new SqlSession
Registering transaction synchronization for SqlSession [org.apache.ibatis.session.defaults.DefaultSqlSession@71c74011]
JDBC Connection [HikariProxyConnection@1657936637 wrapping com.mysql.cj.jdbc.ConnectionImpl@2adce412] will be managed by Spring
==>  Preparing: INSERT INTO product ( id, name, price, quantity ) VALUES ( ?, ?, ?, ? )
==> Parameters: 77d8cd57-ef98-455d-8a48-433277426040(String), 相机(String), 8.99(BigDecimal), 100(Long)
Releasing transactional SqlSession [org.apache.ibatis.session.defaults.DefaultSqlSession@71c74011]
Transaction synchronization deregistering SqlSession [org.apache.ibatis.session.defaults.DefaultSqlSession@71c74011]
Transaction synchronization closing SqlSession [org.apache.ibatis.session.defaults.DefaultSqlSession@71c74011]
2022-11-17 03:56:37.423  INFO 53630 --- [           main] o.s.t.c.transaction.TransactionContext   : Rolled back transaction for test: [DefaultTestContext@2e3b4394 testClass = ProductServiceImplTest, testInstance = edu.whu.week8.service.impl.ProductServiceImplTest@1952ad9d, testMethod = getProduct@ProductServiceImplTest, testException = org.apache.ibatis.exceptions.PersistenceException: 
### Error updating database.  Cause: java.sql.SQLException: Incorrect string value: '\xE7\x9B\xB8\xE6\x9C\xBA' for column 'name' at row 1
### The error may exist in edu/whu/week8/dao/ProductDao.java (best guess)
### The error may involve edu.whu.week8.dao.ProductDao.insert-Inline
### The error occurred while setting parameters
### SQL: INSERT INTO product  ( id, name, price, quantity )  VALUES  ( ?, ?, ?, ? )
### Cause: java.sql.SQLException: Incorrect string value: '\xE7\x9B\xB8\xE6\x9C\xBA' for column 'name' at row 1, mergedContextConfiguration = [WebMergedContextConfiguration@10ffe32f testClass = ProductServiceImplTest, locations = '{}', classes = '{class edu.whu.Main}', contextInitializerClasses = '[]', activeProfiles = '{}', propertySourceLocations = '{}', propertySourceProperties = '{org.springframework.boot.test.context.SpringBootTestContextBootstrapper=true}', contextCustomizers = set[org.springframework.boot.test.context.filter.ExcludeFilterContextCustomizer@3541cb24, org.springframework.boot.test.json.DuplicateJsonObjectContextCustomizerFactory$DuplicateJsonObjectContextCustomizer@13b13b5d, org.springframework.boot.test.mock.mockito.MockitoContextCustomizer@0, org.springframework.boot.test.web.client.TestRestTemplateContextCustomizer@3246fb96, org.springframework.boot.test.autoconfigure.actuate.metrics.MetricsExportContextCustomizerFactory$DisableMetricExportContextCustomizer@65f095f8, org.springframework.boot.test.autoconfigure.properties.PropertyMappingContextCustomizer@0, org.springframework.boot.test.autoconfigure.web.servlet.WebDriverContextCustomizerFactory$Customizer@120f102b, org.springframework.boot.test.context.SpringBootTestArgs@1, org.springframework.boot.test.context.SpringBootTestWebEnvironment@5bc79255], resourceBasePath = 'src/main/webapp', contextLoader = 'org.springframework.boot.test.context.SpringBootContextLoader', parent = [null]], attributes = map['org.springframework.test.context.web.ServletTestExecutionListener.activateListener' -> true, 'org.springframework.test.context.web.ServletTestExecutionListener.populatedRequestContextHolder' -> true, 'org.springframework.test.context.web.ServletTestExecutionListener.resetRequestContextHolder' -> true, 'org.springframework.test.context.event.ApplicationEventsTestExecutionListener.recordApplicationEvents' -> false]]
]]></system-out>
  </testcase>
  <testcase name="addProduct" classname="edu.whu.week8.service.impl.ProductServiceImplTest" time="0.011">
    <error message="&#10;### Error updating database.  Cause: java.sql.SQLException: Incorrect string value: &apos;\xE4\xB8\x89\xE6\x98\x9F&apos; for column &apos;name&apos; at row 1&#10;### The error may exist in edu/whu/week8/dao/SupplierDao.java (best guess)&#10;### The error may involve edu.whu.week8.dao.SupplierDao.insert-Inline&#10;### The error occurred while setting parameters&#10;### SQL: INSERT INTO supplier  ( id, email, name, phone )  VALUES  ( ?, ?, ?, ? )&#10;### Cause: java.sql.SQLException: Incorrect string value: &apos;\xE4\xB8\x89\xE6\x98\x9F&apos; for column &apos;name&apos; at row 1" type="org.apache.ibatis.exceptions.PersistenceException">org.apache.ibatis.exceptions.PersistenceException: 

### Error updating database.  Cause: java.sql.SQLException: Incorrect string value: '\xE4\xB8\x89\xE6\x98\x9F' for column 'name' at row 1
### The error may exist in edu/whu/week8/dao/SupplierDao.java (best guess)
### The error may involve edu.whu.week8.dao.SupplierDao.insert-Inline
### The error occurred while setting parameters
### SQL: INSERT INTO supplier  ( id, email, name, phone )  VALUES  ( ?, ?, ?, ? )
### Cause: java.sql.SQLException: Incorrect string value: '\xE4\xB8\x89\xE6\x98\x9F' for column 'name' at row 1
	at edu.whu.week8.service.impl.ProductServiceImplTest.addProduct(ProductServiceImplTest.java:75)
Caused by: java.sql.SQLException: Incorrect string value: '\xE4\xB8\x89\xE6\x98\x9F' for column 'name' at row 1
	at edu.whu.week8.service.impl.ProductServiceImplTest.addProduct(ProductServiceImplTest.java:75)
</error>
    <system-out><![CDATA[2022-11-17 03:56:37.427  INFO 53630 --- [           main] o.s.t.c.transaction.TransactionContext   : Began transaction (1) for test context [DefaultTestContext@2e3b4394 testClass = ProductServiceImplTest, testInstance = edu.whu.week8.service.impl.ProductServiceImplTest@6ee07d7f, testMethod = addProduct@ProductServiceImplTest, testException = [null], mergedContextConfiguration = [WebMergedContextConfiguration@10ffe32f testClass = ProductServiceImplTest, locations = '{}', classes = '{class edu.whu.Main}', contextInitializerClasses = '[]', activeProfiles = '{}', propertySourceLocations = '{}', propertySourceProperties = '{org.springframework.boot.test.context.SpringBootTestContextBootstrapper=true}', contextCustomizers = set[org.springframework.boot.test.context.filter.ExcludeFilterContextCustomizer@3541cb24, org.springframework.boot.test.json.DuplicateJsonObjectContextCustomizerFactory$DuplicateJsonObjectContextCustomizer@13b13b5d, org.springframework.boot.test.mock.mockito.MockitoContextCustomizer@0, org.springframework.boot.test.web.client.TestRestTemplateContextCustomizer@3246fb96, org.springframework.boot.test.autoconfigure.actuate.metrics.MetricsExportContextCustomizerFactory$DisableMetricExportContextCustomizer@65f095f8, org.springframework.boot.test.autoconfigure.properties.PropertyMappingContextCustomizer@0, org.springframework.boot.test.autoconfigure.web.servlet.WebDriverContextCustomizerFactory$Customizer@120f102b, org.springframework.boot.test.context.SpringBootTestArgs@1, org.springframework.boot.test.context.SpringBootTestWebEnvironment@5bc79255], resourceBasePath = 'src/main/webapp', contextLoader = 'org.springframework.boot.test.context.SpringBootContextLoader', parent = [null]], attributes = map['org.springframework.test.context.web.ServletTestExecutionListener.activateListener' -> true, 'org.springframework.test.context.web.ServletTestExecutionListener.populatedRequestContextHolder' -> true, 'org.springframework.test.context.web.ServletTestExecutionListener.resetRequestContextHolder' -> true, 'org.springframework.test.context.event.ApplicationEventsTestExecutionListener.recordApplicationEvents' -> false]]; transaction manager [org.springframework.jdbc.support.JdbcTransactionManager@55c20a91]; rollback [true]
Creating a new SqlSession
Registering transaction synchronization for SqlSession [org.apache.ibatis.session.defaults.DefaultSqlSession@256c6f7a]
JDBC Connection [HikariProxyConnection@627747774 wrapping com.mysql.cj.jdbc.ConnectionImpl@2adce412] will be managed by Spring
==>  Preparing: INSERT INTO supplier ( id, email, name, phone ) VALUES ( ?, ?, ?, ? )
==> Parameters: a9a82050-0585-4cdf-a7c2-4a795061192b(String), samsung@samsung.com(String), 三星(String), 010-8887777(String)
Releasing transactional SqlSession [org.apache.ibatis.session.defaults.DefaultSqlSession@256c6f7a]
Transaction synchronization deregistering SqlSession [org.apache.ibatis.session.defaults.DefaultSqlSession@256c6f7a]
Transaction synchronization closing SqlSession [org.apache.ibatis.session.defaults.DefaultSqlSession@256c6f7a]
2022-11-17 03:56:37.446  INFO 53630 --- [           main] o.s.t.c.transaction.TransactionContext   : Rolled back transaction for test: [DefaultTestContext@2e3b4394 testClass = ProductServiceImplTest, testInstance = edu.whu.week8.service.impl.ProductServiceImplTest@6ee07d7f, testMethod = addProduct@ProductServiceImplTest, testException = org.apache.ibatis.exceptions.PersistenceException: 
### Error updating database.  Cause: java.sql.SQLException: Incorrect string value: '\xE4\xB8\x89\xE6\x98\x9F' for column 'name' at row 1
### The error may exist in edu/whu/week8/dao/SupplierDao.java (best guess)
### The error may involve edu.whu.week8.dao.SupplierDao.insert-Inline
### The error occurred while setting parameters
### SQL: INSERT INTO supplier  ( id, email, name, phone )  VALUES  ( ?, ?, ?, ? )
### Cause: java.sql.SQLException: Incorrect string value: '\xE4\xB8\x89\xE6\x98\x9F' for column 'name' at row 1, mergedContextConfiguration = [WebMergedContextConfiguration@10ffe32f testClass = ProductServiceImplTest, locations = '{}', classes = '{class edu.whu.Main}', contextInitializerClasses = '[]', activeProfiles = '{}', propertySourceLocations = '{}', propertySourceProperties = '{org.springframework.boot.test.context.SpringBootTestContextBootstrapper=true}', contextCustomizers = set[org.springframework.boot.test.context.filter.ExcludeFilterContextCustomizer@3541cb24, org.springframework.boot.test.json.DuplicateJsonObjectContextCustomizerFactory$DuplicateJsonObjectContextCustomizer@13b13b5d, org.springframework.boot.test.mock.mockito.MockitoContextCustomizer@0, org.springframework.boot.test.web.client.TestRestTemplateContextCustomizer@3246fb96, org.springframework.boot.test.autoconfigure.actuate.metrics.MetricsExportContextCustomizerFactory$DisableMetricExportContextCustomizer@65f095f8, org.springframework.boot.test.autoconfigure.properties.PropertyMappingContextCustomizer@0, org.springframework.boot.test.autoconfigure.web.servlet.WebDriverContextCustomizerFactory$Customizer@120f102b, org.springframework.boot.test.context.SpringBootTestArgs@1, org.springframework.boot.test.context.SpringBootTestWebEnvironment@5bc79255], resourceBasePath = 'src/main/webapp', contextLoader = 'org.springframework.boot.test.context.SpringBootContextLoader', parent = [null]], attributes = map['org.springframework.test.context.web.ServletTestExecutionListener.activateListener' -> true, 'org.springframework.test.context.web.ServletTestExecutionListener.populatedRequestContextHolder' -> true, 'org.springframework.test.context.web.ServletTestExecutionListener.resetRequestContextHolder' -> true, 'org.springframework.test.context.event.ApplicationEventsTestExecutionListener.recordApplicationEvents' -> false]]
]]></system-out>
  </testcase>
</testsuite>