<?xml version="1.0" encoding="UTF-8"?>
<testsuite xmlns:xsi="http://www.w3.org/2001/XMLSchema-instance" xsi:noNamespaceSchemaLocation="https://maven.apache.org/surefire/maven-surefire-plugin/xsd/surefire-test-report.xsd" name="edu.whu.week8.service.impl.SupplierServiceImplTest" time="6.316" tests="4" errors="3" skipped="0" failures="1">
  <properties>
[...]
</properties>
  <testcase name="updateSupplier" classname="edu.whu.week8.service.impl.SupplierServiceImplTest" time="1.08">
    <error message="&#10;### Error updating database.  Cause: java.sql.SQLException: Incorrect string value: &apos;\xE4\xB8\x89\xE6\x98\x9F&apos; for column &apos;name&apos; at row 1&#10;### The error may exist in edu/whu/week8/dao/SupplierDao.java (best guess)&#10;### The error may involve edu.whu.week8.dao.SupplierDao.insert-Inline&#10;### The error occurred while setting parameters&#10;### SQL: INSERT INTO supplier  ( id, email, name, phone )  VALUES  ( ?, ?, ?, ? )&#10;### Cause: java.sql.SQLException: Incorrect string value: &apos;\xE4\xB8\x89\xE6\x98\x9F&apos; for column &apos;name&apos; at row 1" type="org.apache.ibatis.exceptions.PersistenceException">org.apache.ibatis.exceptions.PersistenceException: 

### Error updating database.  Cause: java.sql.SQLException: Incorrect string value: '\xE4\xB8\x89\xE6\x98\x9F' for column 'name' at row 1
### The error may exist in edu/whu/week8/dao/SupplierDao.java (best guess)
### The error may involve edu.whu.week8.dao.SupplierDao.insert-Inline
### The error occurred while setting parameters
### SQL: INSERT INTO supplier  ( id, email, name, phone )  VALUES  ( ?, ?, ?, ? )
### Cause: java.sql.SQLException: Incorrect string value: '\xE4\xB8\x89\xE6\x98\x9F' for column 'name' at row 1
	at edu.whu.week8.service.impl.SupplierServiceImplTest.updateSupplier(SupplierServiceImplTest.java:95)
Caused by: java.sql.SQLException: Incorrect string value: '\xE4\xB8\x89\xE6\x98\x9F' for column 'name' at row 1
	at edu.whu.week8.service.impl.SupplierServiceImplTest.updateSupplier(SupplierServiceImplTest.java:95)
</error>
    <system-out><![CDATA[03:56:31.076 [main] DEBUG org.springframework.test.context.BootstrapUtils - Instantiating CacheAwareContextLoaderDelegate from class [org.springframework.test.context.cache.DefaultCacheAwareContextLoaderDelegate]
03:56:31.083 [main] DEBUG org.springframework.test.context.BootstrapUtils - Instantiating BootstrapContext using constructor [public org.springframework.test.context.support.DefaultBootstrapContext(java.lang.Class,org.springframework.test.context.CacheAwareContextLoaderDelegate)]
03:56:31.116 [main] DEBUG org.springframework.test.context.BootstrapUtils - Instantiating TestContextBootstrapper for test class [edu.whu.week8.service.impl.SupplierServiceImplTest] from class [org.springframework.boot.test.context.SpringBootTestContextBootstrapper]
03:56:31.125 [main] INFO org.springframework.boot.test.context.SpringBootTestContextBootstrapper - Neither @ContextConfiguration nor @ContextHierarchy found for test class [edu.whu.week8.service.impl.SupplierServiceImplTest], using SpringBootContextLoader
03:56:31.128 [main] DEBUG org.springframework.test.context.support.AbstractContextLoader - Did not detect default resource location for test class [edu.whu.week8.service.impl.SupplierServiceImplTest]: class path resource [edu/whu/week8/service/impl/SupplierServiceImplTest-context.xml] does not exist
03:56:31.128 [main] DEBUG org.springframework.test.context.support.AbstractContextLoader - Did not detect default resource location for test class [edu.whu.week8.service.impl.SupplierServiceImplTest]: class path resource [edu/whu/week8/service/impl/SupplierServiceImplTestContext.groovy] does not exist
03:56:31.128 [main] INFO org.springframework.test.context.support.AbstractContextLoader - Could not detect default resource locations for test class [edu.whu.week8.service.impl.SupplierServiceImplTest]: no resource found for suffixes {-context.xml, Context.groovy}.
03:56:31.129 [main] INFO org.springframework.test.context.support.AnnotationConfigContextLoaderUtils - Could not detect default configuration classes for test class [edu.whu.week8.service.impl.SupplierServiceImplTest]: SupplierServiceImplTest does not declare any static, non-private, non-final, nested classes annotated with @Configuration.
03:56:31.162 [main] DEBUG org.springframework.test.context.support.ActiveProfilesUtils - Could not find an 'annotation declaring class' for annotation type [org.springframework.test.context.ActiveProfiles] and class [edu.whu.week8.service.impl.SupplierServiceImplTest]
03:56:31.216 [main] DEBUG org.springframework.context.annotation.ClassPathScanningCandidateComponentProvider - Identified candidate component class: file [/home/steve/program/java-assignment/assignments/Week8/mybatis-plus-code/target/classes/edu/whu/Main.class]
03:56:31.216 [main] INFO org.springframework.boot.test.context.SpringBootTestContextBootstrapper - Found @SpringBootConfiguration edu.whu.Main for test class edu.whu.week8.service.impl.SupplierServiceImplTest
03:56:31.295 [main] DEBUG org.springframework.boot.test.context.SpringBootTestContextBootstrapper - @TestExecutionListeners is not present for class [edu.whu.week8.service.impl.SupplierServiceImplTest]: using defaults.
03:56:31.295 [main] INFO org.springframework.boot.test.context.SpringBootTestContextBootstrapper - Loaded default TestExecutionListener class names from location [META-INF/spring.factories]: [org.springframework.boot.test.mock.mockito.MockitoTestExecutionListener, org.springframework.boot.test.mock.mockito.ResetMocksTestExecutionListener, org.springframework.boot.test.autoconfigure.restdocs.RestDocsTestExecutionListener, org.springframework.boot.test.autoconfigure.web.client.MockRestServiceServerResetTestExecutionListener, org.springframework.boot.test.autoconfigure.web.servlet.MockMvcPrintOnlyOnFailureTestExecutionListener, org.springframework.boot.test.autoconfigure.web.servlet.WebDriverTestExecutionListener, org.springframework.boot.test.autoconfigure.webservices.client.MockWebServiceServerTestExecutionListener, org.springframework.test.context.web.ServletTestExecutionListener, org.springframework.test.context.support.DirtiesContextBeforeModesTestExecutionListener, org.springframework.test.context.event.ApplicationEventsTestExecutionListener, org.springframework.test.context.support.DependencyInjectionTestExecutionListener, org.springframework.test.context.support.DirtiesContextTestExecutionListener, org.springframework.test.context.transaction.TransactionalTestExecutionListener, org.springframework.test.context.jdbc.SqlScriptsTestExecutionListener, org.springframework.test.context.event.EventPublishingTestExecutionListener]
03:56:31.307 [main] INFO org.springframework.boot.test.context.SpringBootTestContextBootstrapper - Using TestExecutionListeners: [org.springframework.test.context.web.ServletTestExecutionListener@21129f1f, org.springframework.test.context.support.DirtiesContextBeforeModesTestExecutionListener@5a9f4771, org.springframework.test.context.event.ApplicationEventsTestExecutionListener@282cb7c7, org.springframework.boot.test.mock.mockito.MockitoTestExecutionListener@7d898981, org.springframework.boot.test.autoconfigure.SpringBootDependencyInjectionTestExecutionListener@48d61b48, org.springframework.test.context.support.DirtiesContextTestExecutionListener@68d279ec, org.springframework.test.context.transaction.TransactionalTestExecutionListener@258d79be, org.springframework.test.context.jdbc.SqlScriptsTestExecutionListener@14f9390f, org.springframework.test.context.event.EventPublishingTestExecutionListener@6c0d7c83, org.springframework.boot.test.mock.mockito.ResetMocksTestExecutionListener@176b75f7, org.springframework.boot.test.autoconfigure.restdocs.RestDocsTestExecutionListener@5965be2d, org.springframework.boot.test.autoconfigure.web.client.MockRestServiceServerResetTestExecutionListener@409c54f, org.springframework.boot.test.autoconfigure.web.servlet.MockMvcPrintOnlyOnFailureTestExecutionListener@3e74829, org.springframework.boot.test.autoconfigure.web.servlet.WebDriverTestExecutionListener@4f6f416f, org.springframework.boot.test.autoconfigure.webservices.client.MockWebServiceServerTestExecutionListener@3b8f0a79]
03:56:31.311 [main] DEBUG org.springframework.test.context.support.AbstractDirtiesContextTestExecutionListener - Before test class: context [DefaultTestContext@4e423aa2 testClass = SupplierServiceImplTest, testInstance = [null], testMethod = [null], testException = [null], mergedContextConfiguration = [WebMergedContextConfiguration@7fbdb894 testClass = SupplierServiceImplTest, locations = '{}', classes = '{class edu.whu.Main}', contextInitializerClasses = '[]', activeProfiles = '{}', propertySourceLocations = '{}', propertySourceProperties = '{org.springframework.boot.test.context.SpringBootTestContextBootstrapper=true}', contextCustomizers = set[org.springframework.boot.test.context.filter.ExcludeFilterContextCustomizer@3541cb24, org.springframework.boot.test.json.DuplicateJsonObjectContextCustomizerFactory$DuplicateJsonObjectContextCustomizer@13b13b5d, org.springframework.boot.test.mock.mockito.MockitoContextCustomizer@0, org.springframework.boot.test.web.client.TestRestTemplateContextCustomizer@3246fb96, org.springframework.boot.test.autoconfigure.actuate.metrics.MetricsExportContextCustomizerFactory$DisableMetricExportContextCustomizer@65f095f8, org.springframework.boot.test.autoconfigure.properties.PropertyMappingContextCustomizer@0, org.springframework.boot.test.autoconfigure.web.servlet.WebDriverContextCustomizerFactory$Customizer@120f102b, org.springframework.boot.test.context.SpringBootTestArgs@1, org.springframework.boot.test.context.SpringBootTestWebEnvironment@5bc79255], resourceBasePath = 'src/main/webapp', contextLoader = 'org.springframework.boot.test.context.SpringBootContextLoader', parent = [null]], attributes = map['org.springframework.test.context.web.ServletTestExecutionListener.activateListener' -> true]], class annotated with @DirtiesContext [false] with mode [null].

  .   ____          _            __ _ _
 /\\ / ___'_ __ _ _(_)_ __  __ _ \ \ \ \
( ( )\___ | '_ | '_| | '_ \/ _` | \ \ \ \
 \\/  ___)| |_)| | | | | || (_| |  ) ) ) )
  '  |____| .__|_| |_|_| |_\__, | / / / /
 =========|_|==============|___/=/_/_/_/
 :: Spring Boot ::                (v2.6.5)

2022-11-17 03:56:31.604  INFO 53630 --- [           main] e.w.w.s.impl.SupplierServiceImplTest     : Starting SupplierServiceImplTest using Java 17.0.5 on steve-ubuntu with PID 53630 (started by steve in /home/steve/program/java-assignment/assignments/Week8/mybatis-plus-code)
2022-11-17 03:56:31.605  INFO 53630 --- [           main] e.w.w.s.impl.SupplierServiceImplTest     : No active profile set, falling back to 1 default profile: "default"
Logging initialized using 'class org.apache.ibatis.logging.stdout.StdOutImpl' adapter.
Registered plugin: 'com.baomidou.mybatisplus.extension.plugins.MybatisPlusInterceptor@b14b60a'
Property 'mapperLocations' was not specified.
 _ _   |_  _ _|_. ___ _ |    _ 
| | |\/|_)(_| | |_\  |_)||_|_\ 
     /               |         
                        3.4.1 
2022-11-17 03:56:34.818  INFO 53630 --- [           main] o.s.s.web.DefaultSecurityFilterChain     : Will not secure any request
2022-11-17 03:56:36.101  INFO 53630 --- [           main] e.w.w.s.impl.SupplierServiceImplTest     : Started SupplierServiceImplTest in 4.757 seconds (JVM running for 5.515)
2022-11-17 03:56:36.135  INFO 53630 --- [           main] com.zaxxer.hikari.HikariDataSource       : HikariPool-1 - Starting...
2022-11-17 03:56:36.553  INFO 53630 --- [           main] com.zaxxer.hikari.HikariDataSource       : HikariPool-1 - Start completed.
2022-11-17 03:56:36.559  INFO 53630 --- [           main] o.s.t.c.transaction.TransactionContext   : Began transaction (1) for test context [DefaultTestContext@4e423aa2 testClass = SupplierServiceImplTest, testInstance = edu.whu.week8.service.impl.SupplierServiceImplTest@2e785b28, testMethod = updateSupplier@SupplierServiceImplTest, testException = [null], mergedContextConfiguration = [WebMergedContextConfiguration@7fbdb894 testClass = SupplierServiceImplTest, locations = '{}', classes = '{class edu.whu.Main}', contextInitializerClasses = '[]', activeProfiles = '{}', propertySourceLocations = '{}', propertySourceProperties = '{org.springframework.boot.test.context.SpringBootTestContextBootstrapper=true}', contextCustomizers = set[org.springframework.boot.test.context.filter.ExcludeFilterContextCustomizer@3541cb24, org.springframework.boot.test.json.DuplicateJsonObjectContextCustomizerFactory$DuplicateJsonObjectContextCustomizer@13b13b5d, org.springframework.boot.test.mock.mockito.MockitoContextCustomizer@0, org.springframework.boot.test.web.client.TestRestTemplateContextCustomizer@3246fb96, org.springframework.boot.test.autoconfigure.actuate.metrics.MetricsExportContextCustomizerFactory$DisableMetricExportContextCustomizer@65f095f8, org.springframework.boot.test.autoconfigure.properties.PropertyMappingContextCustomizer@0, org.springframework.boot.test.autoconfigure.web.servlet.WebDriverContextCustomizerFactory$Customizer@120f102b, org.springframework.boot.test.context.SpringBootTestArgs@1, org.springframework.boot.test.context.SpringBootTestWebEnvironment@5bc79255], resourceBasePath = 'src/main/webapp', contextLoader = 'org.springframework.boot.test.context.SpringBootContextLoader', parent = [null]], attributes = map['org.springframework.test.context.web.ServletTestExecutionListener.activateListener' -> true, 'org.springframework.test.context.web.ServletTestExecutionListener.populatedRequestContextHolder' -> true, 'org.springframework.test.context.web.ServletTestExecutionListener.resetRequestContextHolder' -> true, 'org.springframework.test.context.event.ApplicationEventsTestExecutionListener.recordApplicationEvents' -> false]]; transaction manager [org.springframework.jdbc.support.JdbcTransactionManager@55c20a91]; rollback [true]
Creating a new SqlSession
Registering transaction synchronization for SqlSession [org.apache.ibatis.session.defaults.DefaultSqlSession@346a2799]
JDBC Connection [HikariProxyConnection@312068212 wrapping com.mysql.cj.jdbc.ConnectionImpl@2adce412] will be managed by Spring
==>  Preparing: INSERT INTO supplier ( id, email, name, phone ) VALUES ( ?, ?, ?, ? )
==> Parameters: 3c7df9d2-fc03-414c-a7ab-d63977883a9c(String), samsung@samsung.com(String), 三星(String), 010-8887777(String)
Releasing transactional SqlSession [org.apache.ibatis.session.defaults.DefaultSqlSession@346a2799]
Transaction synchronization deregistering SqlSession [org.apache.ibatis.session.defaults.DefaultSqlSession@346a2799]
Transaction synchronization closing SqlSession [org.apache.ibatis.session.defaults.DefaultSqlSession@346a2799]
2022-11-17 03:56:37.191  INFO 53630 --- [           main] o.s.t.c.transaction.TransactionContext   : Rolled back transaction for test: [DefaultTestContext@4e423aa2 testClass = SupplierServiceImplTest, testInstance = edu.whu.week8.service.impl.SupplierServiceImplTest@2e785b28, testMethod = updateSupplier@SupplierServiceImplTest, testException = org.apache.ibatis.exceptions.PersistenceException: 
### Error updating database.  Cause: java.sql.SQLException: Incorrect string value: '\xE4\xB8\x89\xE6\x98\x9F' for column 'name' at row 1
### The error may exist in edu/whu/week8/dao/SupplierDao.java (best guess)
### The error may involve edu.whu.week8.dao.SupplierDao.insert-Inline
### The error occurred while setting parameters
### SQL: INSERT INTO supplier  ( id, email, name, phone )  VALUES  ( ?, ?, ?, ? )
### Cause: java.sql.SQLException: Incorrect string value: '\xE4\xB8\x89\xE6\x98\x9F' for column 'name' at row 1, mergedContextConfiguration = [WebMergedContextConfiguration@7fbdb894 testClass = SupplierServiceImplTest, locations = '{}', classes = '{class edu.whu.Main}', contextInitializerClasses = '[]', activeProfiles = '{}', propertySourceLocations = '{}', propertySourceProperties = '{org.springframework.boot.test.context.SpringBootTestContextBootstrapper=true}', contextCustomizers = set[org.springframework.boot.test.context.filter.ExcludeFilterContextCustomizer@3541cb24, org.springframework.boot.test.json.DuplicateJsonObjectContextCustomizerFactory$DuplicateJsonObjectContextCustomizer@13b13b5d, org.springframework.boot.test.mock.mockito.MockitoContextCustomizer@0, org.springframework.boot.test.web.client.TestRestTemplateContextCustomizer@3246fb96, org.springframework.boot.test.autoconfigure.actuate.metrics.MetricsExportContextCustomizerFactory$DisableMetricExportContextCustomizer@65f095f8, org.springframework.boot.test.autoconfigure.properties.PropertyMappingContextCustomizer@0, org.springframework.boot.test.autoconfigure.web.servlet.WebDriverContextCustomizerFactory$Customizer@120f102b, org.springframework.boot.test.context.SpringBootTestArgs@1, org.springframework.boot.test.context.SpringBootTestWebEnvironment@5bc79255], resourceBasePath = 'src/main/webapp', contextLoader = 'org.springframework.boot.test.context.SpringBootContextLoader', parent = [null]], attributes = map['org.springframework.test.context.web.ServletTestExecutionListener.activateListener' -> true, 'org.springframework.test.context.web.ServletTestExecutionListener.populatedRequestContextHolder' -> true, 'org.springframework.test.context.web.ServletTestExecutionListener.resetRequestContextHolder' -> true, 'org.springframework.test.context.event.ApplicationEventsTestExecutionListener.recordApplicationEvents' -> false]]
]]></system-out>
  </testcase>
  <testcase name="getSupplier" classname="edu.whu.week8.service.impl.SupplierServiceImplTest" time="0.02">
    <error message="&#10;### Error updating database.  Cause: java.sql.SQLException: Incorrect string value: &apos;\xE4\xB8\x89\xE6\x98\x9F&apos; for column &apos;name&apos; at row 1&#10;### The error may exist in edu/whu/week8/dao/SupplierDao.java (best guess)&#10;### The error may involve edu.whu.week8.dao.SupplierDao.insert-Inline&#10;### The error occurred while setting parameters&#10;### SQL: INSERT INTO supplier  ( id, email, name, phone )  VALUES  ( ?, ?, ?, ? )&#10;### Cause: java.sql.SQLException: Incorrect string value: &apos;\xE4\xB8\x89\xE6\x98\x9F&apos; for column &apos;name&apos; at row 1" type="org.apache.ibatis.exceptions.PersistenceException">org.apache.ibatis.exceptions.PersistenceException: 

### Error updating database.  Cause: java.sql.SQLException: Incorrect string value: '\xE4\xB8\x89\xE6\x98\x9F' for column 'name' at row 1
### The error may exist in edu/whu/week8/dao/SupplierDao.java (best guess)
### The error may involve edu.whu.week8.dao.SupplierDao.insert-Inline
### The error occurred while setting parameters
### SQL: INSERT INTO supplier  ( id, email, name, phone )  VALUES  ( ?, ?, ?, ? )
### Cause: java.sql.SQLException: Incorrect string value: '\xE4\xB8\x89\xE6\x98\x9F' for column 'name' at row 1
	at edu.whu.week8.service.impl.SupplierServiceImplTest.getSupplier(SupplierServiceImplTest.java:78)
Caused by: java.sql.SQLException: Incorrect string value: '\xE4\xB8\x89\xE6\x98\x9F' for column 'name' at row 1
	at edu.whu.week8.service.impl.SupplierServiceImplTest.getSupplier(SupplierServiceImplTest.java:78)
</error>
    <system-out><![CDATA[2022-11-17 03:56:37.208  INFO 53630 --- [           main] o.s.t.c.transaction.TransactionContext   : Began transaction (1) for test context [DefaultTestContext@4e423aa2 testClass = SupplierServiceImplTest, testInstance = edu.whu.week8.service.impl.SupplierServiceImplTest@4d682397, testMethod = getSupplier@SupplierServiceImplTest, testException = [null], mergedContextConfiguration = [WebMergedContextConfiguration@7fbdb894 testClass = SupplierServiceImplTest, locations = '{}', classes = '{class edu.whu.Main}', contextInitializerClasses = '[]', activeProfiles = '{}', propertySourceLocations = '{}', propertySourceProperties = '{org.springframework.boot.test.context.SpringBootTestContextBootstrapper=true}', contextCustomizers = set[org.springframework.boot.test.context.filter.ExcludeFilterContextCustomizer@3541cb24, org.springframework.boot.test.json.DuplicateJsonObjectContextCustomizerFactory$DuplicateJsonObjectContextCustomizer@13b13b5d, org.springframework.boot.test.mock.mockito.MockitoContextCustomizer@0, org.springframework.boot.test.web.client.TestRestTemplateContextCustomizer@3246fb96, org.springframework.boot.test.autoconfigure.actuate.metrics.MetricsExportContextCustomizerFactory$DisableMetricExportContextCustomizer@65f095f8, org.springframework.boot.test.autoconfigure.properties.PropertyMappingContextCustomizer@0, org.springframework.boot.test.autoconfigure.web.servlet.WebDriverContextCustomizerFactory$Customizer@120f102b, org.springframework.boot.test.context.SpringBootTestArgs@1, org.springframework.boot.test.context.SpringBootTestWebEnvironment@5bc79255], resourceBasePath = 'src/main/webapp', contextLoader = 'org.springframework.boot.test.context.SpringBootContextLoader', parent = [null]], attributes = map['org.springframework.test.context.web.ServletTestExecutionListener.activateListener' -> true, 'org.springframework.test.context.web.ServletTestExecutionListener.populatedRequestContextHolder' -> true, 'org.springframework.test.context.web.ServletTestExecutionListener.resetRequestContextHolder' -> true, 'org.springframework.test.context.event.ApplicationEventsTestExecutionListener.recordApplicationEvents' -> false]]; transaction manager [org.springframework.jdbc.support.JdbcTransactionManager@55c20a91]; rollback [true]
Creating a new SqlSession
Registering transaction synchronization for SqlSession [org.apache.ibatis.session.defaults.DefaultSqlSession@444ebefd]
JDBC Connection [HikariProxyConnection@1595687022 wrapping com.mysql.cj.jdbc.ConnectionImpl@2adce412] will be managed by Spring
==>  Preparing: INSERT INTO supplier ( id, email, name, phone ) VALUES ( ?, ?, ?, ? )
==> Parameters: 01e1a84f-fddb-4cdd-bc37-6946b2f24a17(String), samsung@samsung.com(String), 三星(String), 010-8887777(String)
Releasing transactional SqlSession [org.apache.ibatis.session.defaults.DefaultSqlSession@444ebefd]
Transaction synchronization deregistering SqlSession [org.apache.ibatis.session.defaults.DefaultSqlSession@444ebefd]
Transaction synchronization closing SqlSession [org.apache.ibatis.session.defaults.DefaultSqlSession@444ebefd]
2022-11-17 03:56:37.219  INFO 53630 --- [           main] o.s.t.c.transaction.TransactionContext   : Rolled back transaction for test: [DefaultTestContext@4e423aa2 testClass = SupplierServiceImplTest, testInstance = edu.whu.week8.service.impl.SupplierServiceImplTest@4d682397, testMethod = getSupplier@SupplierServiceImplTest, testException = org.apache.ibatis.exceptions.PersistenceException: 
### Error updating database.  Cause: java.sql.SQLException: Incorrect string value: '\xE4\xB8\x89\xE6\x98\x9F' for column 'name' at row 1
### The error may exist in edu/whu/week8/dao/SupplierDao.java (best guess)
### The error may involve edu.whu.week8.dao.SupplierDao.insert-Inline
### The error occurred while setting parameters
### SQL: INSERT INTO supplier  ( id, email, name, phone )  VALUES  ( ?, ?, ?, ? )
### Cause: java.sql.SQLException: Incorrect string value: '\xE4\xB8\x89\xE6\x98\x9F' for column 'name' at row 1, mergedContextConfiguration = [WebMergedContextConfiguration@7fbdb894 testClass = SupplierServiceImplTest, locations = '{}', classes = '{class edu.whu.Main}', contextInitializerClasses = '[]', activeProfiles = '{}', propertySourceLocations = '{}', propertySourceProperties = '{org.springframework.boot.test.context.SpringBootTestContextBootstrapper=true}', contextCustomizers = set[org.springframework.boot.test.context.filter.ExcludeFilterContextCustomizer@3541cb24, org.springframework.boot.test.json.DuplicateJsonObjectContextCustomizerFactory$DuplicateJsonObjectContextCustomizer@13b13b5d, org.springframework.boot.test.mock.mockito.MockitoContextCustomizer@0, org.springframework.boot.test.web.client.TestRestTemplateContextCustomizer@3246fb96, org.springframework.boot.test.autoconfigure.actuate.metrics.MetricsExportContextCustomizerFactory$DisableMetricExportContextCustomizer@65f095f8, org.springframework.boot.test.autoconfigure.properties.PropertyMappingContextCustomizer@0, org.springframework.boot.test.autoconfigure.web.servlet.WebDriverContextCustomizerFactory$Customizer@120f102b, org.springframework.boot.test.context.SpringBootTestArgs@1, org.springframework.boot.test.context.SpringBootTestWebEnvironment@5bc79255], resourceBasePath = 'src/main/webapp', contextLoader = 'org.springframework.boot.test.context.SpringBootContextLoader', parent = [null]], attributes = map['org.springframework.test.context.web.ServletTestExecutionListener.activateListener' -> true, 'org.springframework.test.context.web.ServletTestExecutionListener.populatedRequestContextHolder' -> true, 'org.springframework.test.context.web.ServletTestExecutionListener.resetRequestContextHolder' -> true, 'org.springframework.test.context.event.ApplicationEventsTestExecutionListener.recordApplicationEvents' -> false]]
]]></system-out>
  </testcase>
  <testcase name="deleteSupplier" classname="edu.whu.week8.service.impl.SupplierServiceImplTest" time="0.019">
    <error message="&#10;### Error updating database.  Cause: java.sql.SQLException: Incorrect string value: &apos;\xE4\xB8\x89\xE6\x98\x9F&apos; for column &apos;name&apos; at row 1&#10;### The error may exist in edu/whu/week8/dao/SupplierDao.java (best guess)&#10;### The error may involve edu.whu.week8.dao.SupplierDao.insert-Inline&#10;### The error occurred while setting parameters&#10;### SQL: INSERT INTO supplier  ( id, email, name, phone )  VALUES  ( ?, ?, ?, ? )&#10;### Cause: java.sql.SQLException: Incorrect string value: &apos;\xE4\xB8\x89\xE6\x98\x9F&apos; for column &apos;name&apos; at row 1" type="org.apache.ibatis.exceptions.PersistenceException">org.apache.ibatis.exceptions.PersistenceException: 

### Error updating database.  Cause: java.sql.SQLException: Incorrect string value: '\xE4\xB8\x89\xE6\x98\x9F' for column 'name' at row 1
### The error may exist in edu/whu/week8/dao/SupplierDao.java (best guess)
### The error may involve edu.whu.week8.dao.SupplierDao.insert-Inline
### The error occurred while setting parameters
### SQL: INSERT INTO supplier  ( id, email, name, phone )  VALUES  ( ?, ?, ?, ? )
### Cause: java.sql.SQLException: Incorrect string value: '\xE4\xB8\x89\xE6\x98\x9F' for column 'name' at row 1
	at edu.whu.week8.service.impl.SupplierServiceImplTest.deleteSupplier(SupplierServiceImplTest.java:61)
Caused by: java.sql.SQLException: Incorrect string value: '\xE4\xB8\x89\xE6\x98\x9F' for column 'name' at row 1
	at edu.whu.week8.service.impl.SupplierServiceImplTest.deleteSupplier(SupplierServiceImplTest.java:61)
</error>
    <system-out><![CDATA[2022-11-17 03:56:37.224  INFO 53630 --- [           main] o.s.t.c.transaction.TransactionContext   : Began transaction (1) for test context [DefaultTestContext@4e423aa2 testClass = SupplierServiceImplTest, testInstance = edu.whu.week8.service.impl.SupplierServiceImplTest@5364b481, testMethod = deleteSupplier@SupplierServiceImplTest, testException = [null], mergedContextConfiguration = [WebMergedContextConfiguration@7fbdb894 testClass = SupplierServiceImplTest, locations = '{}', classes = '{class edu.whu.Main}', contextInitializerClasses = '[]', activeProfiles = '{}', propertySourceLocations = '{}', propertySourceProperties = '{org.springframework.boot.test.context.SpringBootTestContextBootstrapper=true}', contextCustomizers = set[org.springframework.boot.test.context.filter.ExcludeFilterContextCustomizer@3541cb24, org.springframework.boot.test.json.DuplicateJsonObjectContextCustomizerFactory$DuplicateJsonObjectContextCustomizer@13b13b5d, org.springframework.boot.test.mock.mockito.MockitoContextCustomizer@0, org.springframework.boot.test.web.client.TestRestTemplateContextCustomizer@3246fb96, org.springframework.boot.test.autoconfigure.actuate.metrics.MetricsExportContextCustomizerFactory$DisableMetricExportContextCustomizer@65f095f8, org.springframework.boot.test.autoconfigure.properties.PropertyMappingContextCustomizer@0, org.springframework.boot.test.autoconfigure.web.servlet.WebDriverContextCustomizerFactory$Customizer@120f102b, org.springframework.boot.test.context.SpringBootTestArgs@1, org.springframework.boot.test.context.SpringBootTestWebEnvironment@5bc79255], resourceBasePath = 'src/main/webapp', contextLoader = 'org.springframework.boot.test.context.SpringBootContextLoader', parent = [null]], attributes = map['org.springframework.test.context.web.ServletTestExecutionListener.activateListener' -> true, 'org.springframework.test.context.web.ServletTestExecutionListener.populatedRequestContextHolder' -> true, 'org.springframework.test.context.web.ServletTestExecutionListener.resetRequestContextHolder' -> true, 'org.springframework.test.context.event.ApplicationEventsTestExecutionListener.recordApplicationEvents' -> false]]; transaction manager [org.springframework.jdbc.support.JdbcTransactionManager@55c20a91]; rollback [true]
Creating a new SqlSession
Registering transaction synchronization for SqlSession [org.apache.ibatis.session.defaults.DefaultSqlSession@62ec4146]
JDBC Connection [HikariProxyConnection@185354501 wrapping com.mysql.cj.jdbc.ConnectionImpl@2adce412] will be managed by Spring
==>  Preparing: INSERT INTO supplier ( id, email, name, phone ) VALUES ( ?, ?, ?, ? )
==> Parameters: 4a93c27d-8b18-42ea-8d9c-7b14e0632200(String), samsung@samsung.com(String), 三星(String), 010-8887777(String)
Releasing transactional SqlSession [org.apache.ibatis.session.defaults.DefaultSqlSession@62ec4146]
Transaction synchronization deregistering SqlSession [org.apache.ibatis.session.defaults.DefaultSqlSession@62ec4146]
Transaction synchronization closing SqlSession [org.apache.ibatis.session.defaults.DefaultSqlSession@62ec4146]
2022-11-17 03:56:37.240  INFO 53630 --- [           main] o.s.t.c.transaction.TransactionContext   : Rolled back transaction for test: [DefaultTestContext@4e423aa2 testClass = SupplierServiceImplTest, testInstance = edu.whu.week8.service.impl.SupplierServiceImplTest@5364b481, testMethod = deleteSupplier@SupplierServiceImplTest, testException = org.apache.ibatis.exceptions.PersistenceException: 
### Error updating database.  Cause: java.sql.SQLException: Incorrect string value: '\xE4\xB8\x89\xE6\x98\x9F' for column 'name' at row 1
### The error may exist in edu/whu/week8/dao/SupplierDao.java (best guess)
### The error may involve edu.whu.week8.dao.SupplierDao.insert-Inline
### The error occurred while setting parameters
### SQL: INSERT INTO supplier  ( id, email, name, phone )  VALUES  ( ?, ?, ?, ? )
### Cause: java.sql.SQLException: Incorrect string value: '\xE4\xB8\x89\xE6\x98\x9F' for column 'name' at row 1, mergedContextConfiguration = [WebMergedContextConfiguration@7fbdb894 testClass = SupplierServiceImplTest, locations = '{}', classes = '{class edu.whu.Main}', contextInitializerClasses = '[]', activeProfiles = '{}', propertySourceLocations = '{}', propertySourceProperties = '{org.springframework.boot.test.context.SpringBootTestContextBootstrapper=true}', contextCustomizers = set[org.springframework.boot.test.context.filter.ExcludeFilterContextCustomizer@3541cb24, org.springframework.boot.test.json.DuplicateJsonObjectContextCustomizerFactory$DuplicateJsonObjectContextCustomizer@13b13b5d, org.springframework.boot.test.mock.mockito.MockitoContextCustomizer@0, org.springframework.boot.test.web.client.TestRestTemplateContextCustomizer@3246fb96, org.springframework.boot.test.autoconfigure.actuate.metrics.MetricsExportContextCustomizerFactory$DisableMetricExportContextCustomizer@65f095f8, org.springframework.boot.test.autoconfigure.properties.PropertyMappingContextCustomizer@0, org.springframework.boot.test.autoconfigure.web.servlet.WebDriverContextCustomizerFactory$Customizer@120f102b, org.springframework.boot.test.context.SpringBootTestArgs@1, org.springframework.boot.test.context.SpringBootTestWebEnvironment@5bc79255], resourceBasePath = 'src/main/webapp', contextLoader = 'org.springframework.boot.test.context.SpringBootContextLoader', parent = [null]], attributes = map['org.springframework.test.context.web.ServletTestExecutionListener.activateListener' -> true, 'org.springframework.test.context.web.ServletTestExecutionListener.populatedRequestContextHolder' -> true, 'org.springframework.test.context.web.ServletTestExecutionListener.resetRequestContextHolder' -> true, 'org.springframework.test.context.event.ApplicationEventsTestExecutionListener.recordApplicationEvents' -> false]]
]]></system-out>
  </testcase>
  <testcase name="addSupplier" classname="edu.whu.week8.service.impl.SupplierServiceImplTest" time="0.082">
    <failure message="Unexpected exception thrown: org.apache.ibatis.exceptions.PersistenceException: &#10;### Error updating database.  Cause: java.sql.SQLException: Incorrect string value: &apos;\xE4\xB8\x89\xE6\x98\x9F&apos; for column &apos;name&apos; at row 1&#10;### The error may exist in edu/whu/week8/dao/SupplierDao.java (best guess)&#10;### The error may involve edu.whu.week8.dao.SupplierDao.insert-Inline&#10;### The error occurred while setting parameters&#10;### SQL: INSERT INTO supplier  ( id, email, name, phone )  VALUES  ( ?, ?, ?, ? )&#10;### Cause: java.sql.SQLException: Incorrect string value: &apos;\xE4\xB8\x89\xE6\x98\x9F&apos; for column &apos;name&apos; at row 1" type="org.opentest4j.AssertionFailedError">org.opentest4j.AssertionFailedError: 
Unexpected exception thrown: org.apache.ibatis.exceptions.PersistenceException: 
### Error updating database.  Cause: java.sql.SQLException: Incorrect string value: '\xE4\xB8\x89\xE6\x98\x9F' for column 'name' at row 1
### The error may exist in edu/whu/week8/dao/SupplierDao.java (best guess)
### The error may involve edu.whu.week8.dao.SupplierDao.insert-Inline
### The error occurred while setting parameters
### SQL: INSERT INTO supplier  ( id, email, name, phone )  VALUES  ( ?, ?, ?, ? )
### Cause: java.sql.SQLException: Incorrect string value: '\xE4\xB8\x89\xE6\x98\x9F' for column 'name' at row 1
	at edu.whu.week8.service.impl.SupplierServiceImplTest.addSupplier(SupplierServiceImplTest.java:47)
Caused by: org.apache.ibatis.exceptions.PersistenceException: 

### Error updating database.  Cause: java.sql.SQLException: Incorrect string value: '\xE4\xB8\x89\xE6\x98\x9F' for column 'name' at row 1
### The error may exist in edu/whu/week8/dao/SupplierDao.java (best guess)
### The error may involve edu.whu.week8.dao.SupplierDao.insert-Inline
### The error occurred while setting parameters
### SQL: INSERT INTO supplier  ( id, email, name, phone )  VALUES  ( ?, ?, ?, ? )
### Cause: java.sql.SQLException: Incorrect string value: '\xE4\xB8\x89\xE6\x98\x9F' for column 'name' at row 1
	at edu.whu.week8.service.impl.SupplierServiceImplTest.lambda$addSupplier$0(SupplierServiceImplTest.java:48)
	at edu.whu.week8.service.impl.SupplierServiceImplTest.addSupplier(SupplierServiceImplTest.java:47)
Caused by: java.sql.SQLException: Incorrect string value: '\xE4\xB8\x89\xE6\x98\x9F' for column 'name' at row 1
	at edu.whu.week8.service.impl.SupplierServiceImplTest.lambda$addSupplier$0(SupplierServiceImplTest.java:48)
	at edu.whu.week8.service.impl.SupplierServiceImplTest.addSupplier(SupplierServiceImplTest.java:47)
</failure>
    <system-out><![CDATA[2022-11-17 03:56:37.245  INFO 53630 --- [           main] o.s.t.c.transaction.TransactionContext   : Began transaction (1) for test context [DefaultTestContext@4e423aa2 testClass = SupplierServiceImplTest, testInstance = edu.whu.week8.service.impl.SupplierServiceImplTest@7d3a2459, testMethod = addSupplier@SupplierServiceImplTest, testException = [null], mergedContextConfiguration = [WebMergedContextConfiguration@7fbdb894 testClass = SupplierServiceImplTest, locations = '{}', classes = '{class edu.whu.Main}', contextInitializerClasses = '[]', activeProfiles = '{}', propertySourceLocations = '{}', propertySourceProperties = '{org.springframework.boot.test.context.SpringBootTestContextBootstrapper=true}', contextCustomizers = set[org.springframework.boot.test.context.filter.ExcludeFilterContextCustomizer@3541cb24, org.springframework.boot.test.json.DuplicateJsonObjectContextCustomizerFactory$DuplicateJsonObjectContextCustomizer@13b13b5d, org.springframework.boot.test.mock.mockito.MockitoContextCustomizer@0, org.springframework.boot.test.web.client.TestRestTemplateContextCustomizer@3246fb96, org.springframework.boot.test.autoconfigure.actuate.metrics.MetricsExportContextCustomizerFactory$DisableMetricExportContextCustomizer@65f095f8, org.springframework.boot.test.autoconfigure.properties.PropertyMappingContextCustomizer@0, org.springframework.boot.test.autoconfigure.web.servlet.WebDriverContextCustomizerFactory$Customizer@120f102b, org.springframework.boot.test.context.SpringBootTestArgs@1, org.springframework.boot.test.context.SpringBootTestWebEnvironment@5bc79255], resourceBasePath = 'src/main/webapp', contextLoader = 'org.springframework.boot.test.context.SpringBootContextLoader', parent = [null]], attributes = map['org.springframework.test.context.web.ServletTestExecutionListener.activateListener' -> true, 'org.springframework.test.context.web.ServletTestExecutionListener.populatedRequestContextHolder' -> true, 'org.springframework.test.context.web.ServletTestExecutionListener.resetRequestContextHolder' -> true, 'org.springframework.test.context.event.ApplicationEventsTestExecutionListener.recordApplicationEvents' -> false]]; transaction manager [org.springframework.jdbc.support.JdbcTransactionManager@55c20a91]; rollback [true]
Creating a new SqlSession
Registering transaction synchronization for SqlSession [org.apache.ibatis.session.defaults.DefaultSqlSession@7bbd0006]
JDBC Connection [HikariProxyConnection@878725938 wrapping com.mysql.cj.jdbc.ConnectionImpl@2adce412] will be managed by Spring
==>  Preparing: SELECT id,email,name,phone FROM supplier WHERE id=?
==> Parameters: e1fc774c-69d0-4d0c-95d7-ad4171f90955(String)
<==      Total: 0
Releasing transactional SqlSession [org.apache.ibatis.session.defaults.DefaultSqlSession@7bbd0006]
Fetched SqlSession [org.apache.ibatis.session.defaults.DefaultSqlSession@7bbd0006] from current transaction
==>  Preparing: INSERT INTO supplier ( id, email, name, phone ) VALUES ( ?, ?, ?, ? )
==> Parameters: e1fc774c-69d0-4d0c-95d7-ad4171f90955(String), samsung@samsung.com(String), 三星(String), 010-8887777(String)
Releasing transactional SqlSession [org.apache.ibatis.session.defaults.DefaultSqlSession@7bbd0006]
Transaction synchronization deregistering SqlSession [org.apache.ibatis.session.defaults.DefaultSqlSession@7bbd0006]
Transaction synchronization closing SqlSession [org.apache.ibatis.session.defaults.DefaultSqlSession@7bbd0006]
2022-11-17 03:56:37.323  INFO 53630 --- [           main] o.s.t.c.transaction.TransactionContext   : Rolled back transaction for test: [DefaultTestContext@4e423aa2 testClass = SupplierServiceImplTest, testInstance = edu.whu.week8.service.impl.SupplierServiceImplTest@7d3a2459, testMethod = addSupplier@SupplierServiceImplTest, testException = org.opentest4j.AssertionFailedError: Unexpected exception thrown: org.apache.ibatis.exceptions.PersistenceException: 
### Error updating database.  Cause: java.sql.SQLException: Incorrect string value: '\xE4\xB8\x89\xE6\x98\x9F' for column 'name' at row 1
### The error may exist in edu/whu/week8/dao/SupplierDao.java (best guess)
### The error may involve edu.whu.week8.dao.SupplierDao.insert-Inline
### The error occurred while setting parameters
### SQL: INSERT INTO supplier  ( id, email, name, phone )  VALUES  ( ?, ?, ?, ? )
### Cause: java.sql.SQLException: Incorrect string value: '\xE4\xB8\x89\xE6\x98\x9F' for column 'name' at row 1, mergedContextConfiguration = [WebMergedContextConfiguration@7fbdb894 testClass = SupplierServiceImplTest, locations = '{}', classes = '{class edu.whu.Main}', contextInitializerClasses = '[]', activeProfiles = '{}', propertySourceLocations = '{}', propertySourceProperties = '{org.springframework.boot.test.context.SpringBootTestContextBootstrapper=true}', contextCustomizers = set[org.springframework.boot.test.context.filter.ExcludeFilterContextCustomizer@3541cb24, org.springframework.boot.test.json.DuplicateJsonObjectContextCustomizerFactory$DuplicateJsonObjectContextCustomizer@13b13b5d, org.springframework.boot.test.mock.mockito.MockitoContextCustomizer@0, org.springframework.boot.test.web.client.TestRestTemplateContextCustomizer@3246fb96, org.springframework.boot.test.autoconfigure.actuate.metrics.MetricsExportContextCustomizerFactory$DisableMetricExportContextCustomizer@65f095f8, org.springframework.boot.test.autoconfigure.properties.PropertyMappingContextCustomizer@0, org.springframework.boot.test.autoconfigure.web.servlet.WebDriverContextCustomizerFactory$Customizer@120f102b, org.springframework.boot.test.context.SpringBootTestArgs@1, org.springframework.boot.test.context.SpringBootTestWebEnvironment@5bc79255], resourceBasePath = 'src/main/webapp', contextLoader = 'org.springframework.boot.test.context.SpringBootContextLoader', parent = [null]], attributes = map['org.springframework.test.context.web.ServletTestExecutionListener.activateListener' -> true, 'org.springframework.test.context.web.ServletTestExecutionListener.populatedRequestContextHolder' -> true, 'org.springframework.test.context.web.ServletTestExecutionListener.resetRequestContextHolder' -> true, 'org.springframework.test.context.event.ApplicationEventsTestExecutionListener.recordApplicationEvents' -> false]]
]]></system-out>
  </testcase>
</testsuite>